#! /usr/local/bin/vvp
:ivl_version "12.0 (stable)";
:ivl_delay_selection "TYPICAL";
:vpi_time_precision + 0;
:vpi_module "/usr/local/lib/ivl/system.vpi";
:vpi_module "/usr/local/lib/ivl/vhdl_sys.vpi";
:vpi_module "/usr/local/lib/ivl/vhdl_textio.vpi";
:vpi_module "/usr/local/lib/ivl/v2005_math.vpi";
:vpi_module "/usr/local/lib/ivl/va_math.vpi";
:vpi_module "/usr/local/lib/ivl/v2009.vpi";
S_0x1814110 .scope package, "$unit" "$unit" 2 1;
 .timescale 0 0;
S_0x18142a0 .scope module, "mux" "mux" 3 8;
 .timescale 0 0;
v0x182a7b0_0 .var "A", 3 0;
v0x182a890_0 .var "B", 3 0;
v0x182a960_0 .var "C", 3 0;
v0x182aa60_0 .var "D", 3 0;
v0x182ab30_0 .var "en", 0 0;
v0x182ac20_0 .net "out", 3 0, v0x182a4d0_0;  1 drivers
v0x182acf0_0 .var "sel", 1 0;
S_0x17ec580 .scope module, "mux" "MUX" 3 17, 4 8 0, S_0x18142a0;
 .timescale 0 0;
    .port_info 0 /INPUT 4 "A";
    .port_info 1 /INPUT 4 "B";
    .port_info 2 /INPUT 4 "C";
    .port_info 3 /INPUT 4 "D";
    .port_info 4 /OUTPUT 4 "out";
    .port_info 5 /INPUT 2 "sel";
    .port_info 6 /INPUT 1 "en";
v0x1815a30_0 .net "A", 3 0, v0x182a7b0_0;  1 drivers
v0x182a110_0 .net "B", 3 0, v0x182a890_0;  1 drivers
v0x182a1f0_0 .net "C", 3 0, v0x182a960_0;  1 drivers
v0x182a2e0_0 .net "D", 3 0, v0x182aa60_0;  1 drivers
v0x182a3c0_0 .net "en", 0 0, v0x182ab30_0;  1 drivers
v0x182a4d0_0 .var "out", 3 0;
v0x182a5b0_0 .net "sel", 1 0, v0x182acf0_0;  1 drivers
E_0x17d9c50/0 .event anyedge, v0x182a3c0_0, v0x182a5b0_0, v0x1815a30_0, v0x182a110_0;
E_0x17d9c50/1 .event anyedge, v0x182a1f0_0, v0x182a2e0_0;
E_0x17d9c50 .event/or E_0x17d9c50/0, E_0x17d9c50/1;
    .scope S_0x17ec580;
T_0 ;
    %wait E_0x17d9c50;
    %load/vec4 v0x182a3c0_0;
    %flag_set/vec4 8;
    %jmp/0xz  T_0.0, 8;
    %load/vec4 v0x182a5b0_0;
    %cmpi/e 0, 0, 2;
    %jmp/0xz  T_0.2, 4;
    %load/vec4 v0x1815a30_0;
    %assign/vec4 v0x182a4d0_0, 0;
T_0.2 ;
    %load/vec4 v0x182a5b0_0;
    %cmpi/e 1, 0, 2;
    %jmp/0xz  T_0.4, 4;
    %load/vec4 v0x182a110_0;
    %assign/vec4 v0x182a4d0_0, 0;
T_0.4 ;
    %load/vec4 v0x182a5b0_0;
    %cmpi/e 2, 0, 2;
    %jmp/0xz  T_0.6, 4;
    %load/vec4 v0x182a1f0_0;
    %assign/vec4 v0x182a4d0_0, 0;
T_0.6 ;
    %load/vec4 v0x182a5b0_0;
    %cmpi/e 3, 0, 2;
    %jmp/0xz  T_0.8, 4;
    %load/vec4 v0x182a2e0_0;
    %assign/vec4 v0x182a4d0_0, 0;
T_0.8 ;
    %jmp T_0.1;
T_0.0 ;
    %pushi/vec4 0, 7, 4;
    %store/vec4 v0x182a4d0_0, 0, 4;
T_0.1 ;
    %jmp T_0;
    .thread T_0, $push;
    .scope S_0x18142a0;
T_1 ;
T_1.0 ;
    %delay 80, 0;
    %load/vec4 v0x182ab30_0;
    %inv;
    %store/vec4 v0x182ab30_0, 0, 1;
    %jmp T_1.0;
    %end;
    .thread T_1;
    .scope S_0x18142a0;
T_2 ;
T_2.0 ;
    %delay 20, 0;
    %load/vec4 v0x182acf0_0;
    %addi 1, 0, 2;
    %store/vec4 v0x182acf0_0, 0, 2;
    %jmp T_2.0;
    %end;
    .thread T_2;
    .scope S_0x18142a0;
T_3 ;
    %vpi_func 3 31 "$random" 32 {0 0 0};
    %pad/s 4;
    %store/vec4 v0x182a7b0_0, 0, 4;
    %load/vec4 v0x182a7b0_0;
    %subi 1, 0, 4;
    %store/vec4 v0x182a890_0, 0, 4;
    %load/vec4 v0x182a7b0_0;
    %addi 1, 0, 4;
    %store/vec4 v0x182a960_0, 0, 4;
    %load/vec4 v0x182a7b0_0;
    %muli 2, 0, 4;
    %addi 1, 0, 4;
    %store/vec4 v0x182aa60_0, 0, 4;
    %pushi/vec4 0, 0, 2;
    %store/vec4 v0x182acf0_0, 0, 2;
    %pushi/vec4 0, 0, 1;
    %store/vec4 v0x182ab30_0, 0, 1;
    %end;
    .thread T_3;
    .scope S_0x18142a0;
T_4 ;
    %vpi_call/w 3 40 "$dumpfile", "mux.vcd" {0 0 0};
    %vpi_call/w 3 41 "$dumpvars" {0 0 0};
    %end;
    .thread T_4;
    .scope S_0x18142a0;
T_5 ;
    %delay 320, 0;
    %vpi_call/w 3 46 "$finish" {0 0 0};
    %end;
    .thread T_5;
# The file index is used to find the file name in the following table.
:file_names 5;
    "N/A";
    "<interactive>";
    "-";
    "testbench.sv";
    "design.sv";
